002b:fixme:vcruntime:__telemetry_main_invoke_trigger (0x67000000)
002b:fixme:vcruntime:__telemetry_main_invoke_trigger (0x530000)
002b:fixme:vcruntime:__telemetry_main_invoke_trigger (0x65000000)
002b:fixme:vcruntime:__telemetry_main_invoke_trigger (0x180000000)
002b:fixme:file:FindFirstFileExW flags not implemented 0x00000002
002b:fixme:vcruntime:__telemetry_main_invoke_trigger (0xe10000)
002b:fixme:process:SetProcessDEPPolicy (3): stub
002b:fixme:vcruntime:__telemetry_main_invoke_trigger (0xa6b0000)
002b:fixme:vcruntime:__telemetry_main_return_trigger (0xa6b0000)
002b:fixme:process:GetSystemDEPPolicy stub
002b:fixme:process:GetSystemDEPPolicy stub
002b:fixme:process:GetSystemDEPPolicy stub
002b:fixme:process:GetSystemDEPPolicy stub
002b:fixme:process:GetSystemDEPPolicy stub
002b:fixme:process:GetSystemDEPPolicy stub
002b:fixme:commdlg:IServiceProvider_fnQueryService Interface {e07010ec-bc17-44c0-97b0-46c7c95b9edc} requested from unknown service {e07010ec-bc17-44c0-97b0-46c7c95b9edc}
002b:fixme:shell:ViewModeToListStyle ViewMode 0 not implemented
002b:fixme:shell:IShellBrowser_fnSendControlMsg stub, 0x99bebe0 (2, 1026, a003, 0, 0x528178)
002b:fixme:shell:IShellBrowser_fnSendControlMsg stub, 0x99bebe0 (2, 1026, a004, 0, 0x528178)
002b:fixme:shell:IShellBrowser_fnSendControlMsg stub, 0x99bebe0 (2, 1025, a003, 1, 0x528178)
002b:fixme:shell:IShellBrowser_fnSendControlMsg stub, 0x99bebe0 (2, 1025, a004, 1, 0x528178)
002b:fixme:nstc:NSTC2_fnSetControlStyle2 mask & style (0x00000004) contains unsupported style(s): 0x00000004
002b:fixme:commdlg:IServiceProvider_fnQueryService Interface {e07010ec-bc17-44c0-97b0-46c7c95b9edc} requested from unknown service {e07010ec-bc17-44c0-97b0-46c7c95b9edc}
002b:fixme:shell:ViewModeToListStyle ViewMode 0 not implemented
002b:fixme:shell:IShellBrowser_fnSendControlMsg stub, 0x99bebe0 (2, 1026, a003, 0, 0x527948)
002b:fixme:shell:IShellBrowser_fnSendControlMsg stub, 0x99bebe0 (2, 1026, a004, 0, 0x527948)
002b:fixme:shell:IShellBrowser_fnSendControlMsg stub, 0x99bebe0 (2, 1025, a003, 1, 0x527948)
002b:fixme:shell:IShellBrowser_fnSendControlMsg stub, 0x99bebe0 (2, 1025, a004, 1, 0x527948)
002b:fixme:shell:IShellBrowser_fnOnViewWindowActive stub, 0x99bebe0 (0x9992950)
002b:fixme:shell:ShellView_OnNotify LVN_KEYDOWN key=0x00000028
002b:fixme:shell:ShellView_OnNotify LVN_KEYDOWN key=0x00000028
002b:fixme:shell:ShellView_OnNotify LVN_KEYDOWN key=0x00000028
002b:fixme:shell:ShellView_OnNotify LVN_KEYDOWN key=0x00000028
002b:fixme:shell:ShellView_OnNotify LVN_KEYDOWN key=0x00000028
002b:fixme:shell:ShellView_OnNotify LVN_KEYDOWN key=0x00000028
002b:fixme:shell:ShellView_OnNotify LVN_KEYDOWN key=0x00000028
002b:fixme:shell:ShellView_OnNotify LVN_KEYDOWN key=0x00000028
002b:fixme:shell:ShellView_OnNotify LVN_KEYDOWN key=0x00000028
002b:fixme:shell:ShellView_OnNotify LVN_KEYDOWN key=0x00000028
002b:fixme:shell:ShellView_OnNotify LVN_KEYDOWN key=0x00000028
002b:fixme:shell:ShellView_OnNotify LVN_KEYDOWN key=0x00000026
002b:fixme:shell:ShellView_OnNotify LVN_KEYDOWN key=0x00000026
002b:fixme:shell:ShellView_OnNotify LVN_KEYDOWN key=0x00000026
002b:fixme:shell:ShellView_OnNotify LVN_KEYDOWN key=0x00000026
002b:fixme:shell:ShellView_OnNotify LVN_KEYDOWN key=0x00000026
002b:fixme:shell:ShellView_OnNotify LVN_KEYDOWN key=0x00000026
002b:fixme:shell:ShellView_OnNotify LVN_KEYDOWN key=0x00000026
002b:fixme:shell:ShellView_OnNotify LVN_KEYDOWN key=0x00000026
002b:fixme:shell:ShellView_OnNotify LVN_KEYDOWN key=0x00000026
002b:fixme:shell:ShellView_OnNotify LVN_KEYDOWN key=0x00000026
002b:fixme:shell:ShellView_OnNotify LVN_KEYDOWN key=0x00000026
002b:fixme:shell:ShellView_OnNotify LVN_KEYDOWN key=0x00000026
002b:fixme:shell:ShellView_OnNotify LVN_KEYDOWN key=0x00000026
002b:fixme:shell:ShellView_OnNotify LVN_KEYDOWN key=0x00000026
002b:fixme:shell:ShellView_OnNotify LVN_KEYDOWN key=0x00000028
002b:fixme:shell:ShellView_OnNotify LVN_KEYDOWN key=0x00000026
002b:fixme:commdlg:IServiceProvider_fnQueryService Interface {e07010ec-bc17-44c0-97b0-46c7c95b9edc} requested from unknown service {e07010ec-bc17-44c0-97b0-46c7c95b9edc}
002b:fixme:shell:ViewModeToListStyle ViewMode 0 not implemented
002b:fixme:shell:IShellBrowser_fnSendControlMsg stub, 0x99bebe0 (2, 1026, a003, 0, 0x527ba8)
002b:fixme:shell:IShellBrowser_fnSendControlMsg stub, 0x99bebe0 (2, 1026, a004, 0, 0x527ba8)
002b:fixme:shell:IShellBrowser_fnSendControlMsg stub, 0x99bebe0 (2, 1025, a003, 1, 0x527ba8)
002b:fixme:shell:IShellBrowser_fnSendControlMsg stub, 0x99bebe0 (2, 1025, a004, 1, 0x527ba8)
002b:fixme:commdlg:IServiceProvider_fnQueryService Interface {e07010ec-bc17-44c0-97b0-46c7c95b9edc} requested from unknown service {e07010ec-bc17-44c0-97b0-46c7c95b9edc}
002b:fixme:shell:ViewModeToListStyle ViewMode 0 not implemented
002b:fixme:shell:IShellBrowser_fnSendControlMsg stub, 0x99bebe0 (2, 1026, a003, 0, 0x527948)
002b:fixme:shell:IShellBrowser_fnSendControlMsg stub, 0x99bebe0 (2, 1026, a004, 0, 0x527948)
002b:fixme:shell:IShellBrowser_fnSendControlMsg stub, 0x99bebe0 (2, 1025, a003, 1, 0x527948)
002b:fixme:shell:IShellBrowser_fnSendControlMsg stub, 0x99bebe0 (2, 1025, a004, 1, 0x527948)
002b:fixme:shell:IShellBrowser_fnOnViewWindowActive stub, 0x99bebe0 (0x9a37570)
002b:fixme:commdlg:IServiceProvider_fnQueryService Interface {e07010ec-bc17-44c0-97b0-46c7c95b9edc} requested from unknown service {e07010ec-bc17-44c0-97b0-46c7c95b9edc}
002b:fixme:shell:ViewModeToListStyle ViewMode 0 not implemented
002b:fixme:shell:IShellBrowser_fnSendControlMsg stub, 0x99bebe0 (2, 1026, a003, 0, 0x527ba8)
002b:fixme:shell:IShellBrowser_fnSendControlMsg stub, 0x99bebe0 (2, 1026, a004, 0, 0x527ba8)
002b:fixme:shell:IShellBrowser_fnSendControlMsg stub, 0x99bebe0 (2, 1025, a003, 1, 0x527ba8)
002b:fixme:shell:IShellBrowser_fnSendControlMsg stub, 0x99bebe0 (2, 1025, a004, 1, 0x527ba8)
002b:fixme:shell:IShellBrowser_fnOnViewWindowActive stub, 0x99bebe0 (0x9a29590)
002b:fixme:commdlg:IServiceProvider_fnQueryService Interface {e07010ec-bc17-44c0-97b0-46c7c95b9edc} requested from unknown service {e07010ec-bc17-44c0-97b0-46c7c95b9edc}
002b:fixme:shell:ViewModeToListStyle ViewMode 0 not implemented
002b:fixme:shell:IShellBrowser_fnSendControlMsg stub, 0x99bebe0 (2, 1026, a003, 0, 0x527ba8)
002b:fixme:shell:IShellBrowser_fnSendControlMsg stub, 0x99bebe0 (2, 1026, a004, 0, 0x527ba8)
002b:fixme:shell:IShellBrowser_fnSendControlMsg stub, 0x99bebe0 (2, 1025, a003, 1, 0x527ba8)
002b:fixme:shell:IShellBrowser_fnSendControlMsg stub, 0x99bebe0 (2, 1025, a004, 1, 0x527ba8)
002b:fixme:shell:IShellBrowser_fnOnViewWindowActive stub, 0x99bebe0 (0x9a2f2c0)
002b:fixme:commdlg:IServiceProvider_fnQueryService Interface {e07010ec-bc17-44c0-97b0-46c7c95b9edc} requested from unknown service {e07010ec-bc17-44c0-97b0-46c7c95b9edc}
002b:fixme:shell:ViewModeToListStyle ViewMode 0 not implemented
002b:fixme:shell:IShellBrowser_fnSendControlMsg stub, 0x99bebe0 (2, 1026, a003, 0, 0x527ba8)
002b:fixme:shell:IShellBrowser_fnSendControlMsg stub, 0x99bebe0 (2, 1026, a004, 0, 0x527ba8)
002b:fixme:shell:IShellBrowser_fnSendControlMsg stub, 0x99bebe0 (2, 1025, a003, 1, 0x527ba8)
002b:fixme:shell:IShellBrowser_fnSendControlMsg stub, 0x99bebe0 (2, 1025, a004, 1, 0x527ba8)
002b:fixme:shell:IShellBrowser_fnOnViewWindowActive stub, 0x99bebe0 (0x9a35c30)
002b:fixme:win:FlashWindowEx 0x527680 - semi-stub
002b:fixme:vcruntime:__telemetry_main_invoke_trigger (0xfd20000)
002b:fixme:process:GetSystemDEPPolicy stub
002b:fixme:process:GetSystemDEPPolicy stub
002b:fixme:process:GetSystemDEPPolicy stub
002b:fixme:process:GetSystemDEPPolicy stub
002b:fixme:process:GetSystemDEPPolicy stub
002b:fixme:process:GetSystemDEPPolicy stub
002b:fixme:process:GetSystemDEPPolicy stub
002b:fixme:process:GetSystemDEPPolicy stub
002b:fixme:vcruntime:__telemetry_main_return_trigger (0xfd20000)
002b:fixme:msvcrt:__clean_type_info_names_internal (0xe689aa8) stub
002b:fixme:msvcrt:__clean_type_info_names_internal (0x1d1bdd68) stub
002b:fixme:msvcrt:__clean_type_info_names_internal (0x1e31e2e8) stub
002b:fixme:vcruntime:__telemetry_main_return_trigger (0xe10000)
002b:fixme:vcruntime:__telemetry_main_return_trigger (0x180000000)
002b:fixme:vcruntime:__telemetry_main_return_trigger (0x65000000)
002b:fixme:vcruntime:__telemetry_main_return_trigger (0x530000)
002b:fixme:vcruntime:__telemetry_main_return_trigger (0x67000000)
